<?xml version="1.0" encoding="UTF-8"?>
<!-- Generated by org.testng.reporters.JUnitReportReporter -->
<testsuite hostname="DESKTOP-6AT0U68" name="FlightApp.FlightApp.SelectFlightsTest" tests="1" failures="0" timestamp="3 Jun 2019 12:34:10 GMT" time="7.064" errors="0">
  <testcase name="selectToDropDown" time="7.064" classname="FlightApp.FlightApp.SelectFlightsTest"/>
</testsuite> <!-- FlightApp.FlightApp.SelectFlightsTest -->
